[0.314s] Invoking command in '/home/abd3194/gui_ws/src': PYTHONPATH=/home/abd3194/gui_ws/build/arm_visualizer/prefix_override:/usr/lib/python3/dist-packages/colcon_core/task/python/colcon_distutils_commands:/home/abd3194/gui_ws/install/arm_visualizer/lib/python3.10/site-packages:${PYTHONPATH} /usr/bin/python3 -W ignore:setup.py install is deprecated setup.py egg_info --egg-base ../build/arm_visualizer build --build-base /home/abd3194/gui_ws/build/arm_visualizer/build install --record /home/abd3194/gui_ws/build/arm_visualizer/install.log --single-version-externally-managed install_data
[0.436s] running egg_info
[0.436s] writing ../build/arm_visualizer/arm_visualizer.egg-info/PKG-INFO
[0.436s] writing dependency_links to ../build/arm_visualizer/arm_visualizer.egg-info/dependency_links.txt
[0.437s] writing entry points to ../build/arm_visualizer/arm_visualizer.egg-info/entry_points.txt
[0.437s] writing requirements to ../build/arm_visualizer/arm_visualizer.egg-info/requires.txt
[0.437s] writing top-level names to ../build/arm_visualizer/arm_visualizer.egg-info/top_level.txt
[0.437s] reading manifest file '../build/arm_visualizer/arm_visualizer.egg-info/SOURCES.txt'
[0.437s] adding license file 'LICENSE'
[0.437s] writing manifest file '../build/arm_visualizer/arm_visualizer.egg-info/SOURCES.txt'
[0.438s] running build
[0.438s] running install
[0.438s] running install_data
[0.438s] running install_egg_info
[0.439s] removing '/home/abd3194/gui_ws/install/arm_visualizer/lib/python3.10/site-packages/arm_visualizer-0.1.0-py3.10.egg-info' (and everything under it)
[0.442s] Copying ../build/arm_visualizer/arm_visualizer.egg-info to /home/abd3194/gui_ws/install/arm_visualizer/lib/python3.10/site-packages/arm_visualizer-0.1.0-py3.10.egg-info
[0.442s] running install_scripts
[0.454s] Installing joint_visualizer script to /home/abd3194/gui_ws/install/arm_visualizer/lib/arm_visualizer
[0.454s] Installing three_d_visualizer script to /home/abd3194/gui_ws/install/arm_visualizer/lib/arm_visualizer
[0.454s] writing list of installed files to '/home/abd3194/gui_ws/build/arm_visualizer/install.log'
[0.467s] Invoked command in '/home/abd3194/gui_ws/src' returned '0': PYTHONPATH=/home/abd3194/gui_ws/build/arm_visualizer/prefix_override:/usr/lib/python3/dist-packages/colcon_core/task/python/colcon_distutils_commands:/home/abd3194/gui_ws/install/arm_visualizer/lib/python3.10/site-packages:${PYTHONPATH} /usr/bin/python3 -W ignore:setup.py install is deprecated setup.py egg_info --egg-base ../build/arm_visualizer build --build-base /home/abd3194/gui_ws/build/arm_visualizer/build install --record /home/abd3194/gui_ws/build/arm_visualizer/install.log --single-version-externally-managed install_data
