running egg_info
writing ../../build/arm_visualizer/arm_visualizer.egg-info/PKG-INFO
writing dependency_links to ../../build/arm_visualizer/arm_visualizer.egg-info/dependency_links.txt
writing entry points to ../../build/arm_visualizer/arm_visualizer.egg-info/entry_points.txt
writing requirements to ../../build/arm_visualizer/arm_visualizer.egg-info/requires.txt
writing top-level names to ../../build/arm_visualizer/arm_visualizer.egg-info/top_level.txt
reading manifest file '../../build/arm_visualizer/arm_visualizer.egg-info/SOURCES.txt'
adding license file 'LICENSE'
writing manifest file '../../build/arm_visualizer/arm_visualizer.egg-info/SOURCES.txt'
running build
running build_py
copying arm_visualizer/joint_visualizer.py -> /home/abd3194/my_ws/build/arm_visualizer/build/lib/arm_visualizer
running install
running install_lib
copying /home/abd3194/my_ws/build/arm_visualizer/build/lib/arm_visualizer/joint_visualizer.py -> /home/abd3194/my_ws/install/arm_visualizer/lib/python3.10/site-packages/arm_visualizer
byte-compiling /home/abd3194/my_ws/install/arm_visualizer/lib/python3.10/site-packages/arm_visualizer/joint_visualizer.py to joint_visualizer.cpython-310.pyc
running install_data
running install_egg_info
removing '/home/abd3194/my_ws/install/arm_visualizer/lib/python3.10/site-packages/arm_visualizer-0.1.0-py3.10.egg-info' (and everything under it)
Copying ../../build/arm_visualizer/arm_visualizer.egg-info to /home/abd3194/my_ws/install/arm_visualizer/lib/python3.10/site-packages/arm_visualizer-0.1.0-py3.10.egg-info
running install_scripts
Installing joint_visualizer script to /home/abd3194/my_ws/install/arm_visualizer/lib/arm_visualizer
Installing three_d_visualizer script to /home/abd3194/my_ws/install/arm_visualizer/lib/arm_visualizer
writing list of installed files to '/home/abd3194/my_ws/build/arm_visualizer/install.log'
