[0.309s] Invoking command in '/home/abd3194/gui_ws/src': PYTHONPATH=/home/abd3194/gui_ws/build/arm_visualizer/prefix_override:/usr/lib/python3/dist-packages/colcon_core/task/python/colcon_distutils_commands:/home/abd3194/gui_ws/install/arm_visualizer/lib/python3.10/site-packages:${PYTHONPATH} /usr/bin/python3 -W ignore:setup.py install is deprecated setup.py egg_info --egg-base ../build/arm_visualizer build --build-base /home/abd3194/gui_ws/build/arm_visualizer/build install --record /home/abd3194/gui_ws/build/arm_visualizer/install.log --single-version-externally-managed install_data
[0.431s] running egg_info
[0.431s] creating ../build/arm_visualizer/arm_visualizer.egg-info
[0.431s] writing ../build/arm_visualizer/arm_visualizer.egg-info/PKG-INFO
[0.431s] writing dependency_links to ../build/arm_visualizer/arm_visualizer.egg-info/dependency_links.txt
[0.431s] writing entry points to ../build/arm_visualizer/arm_visualizer.egg-info/entry_points.txt
[0.431s] writing requirements to ../build/arm_visualizer/arm_visualizer.egg-info/requires.txt
[0.431s] writing top-level names to ../build/arm_visualizer/arm_visualizer.egg-info/top_level.txt
[0.431s] writing manifest file '../build/arm_visualizer/arm_visualizer.egg-info/SOURCES.txt'
[0.433s] reading manifest file '../build/arm_visualizer/arm_visualizer.egg-info/SOURCES.txt'
[0.433s] adding license file 'LICENSE'
[0.433s] writing manifest file '../build/arm_visualizer/arm_visualizer.egg-info/SOURCES.txt'
[0.433s] running build
[0.433s] running build_py
[0.433s] creating /home/abd3194/gui_ws/build/arm_visualizer/build
[0.433s] creating /home/abd3194/gui_ws/build/arm_visualizer/build/lib
[0.433s] creating /home/abd3194/gui_ws/build/arm_visualizer/build/lib/arm_visualizer
[0.433s] copying arm_visualizer/__init__.py -> /home/abd3194/gui_ws/build/arm_visualizer/build/lib/arm_visualizer
[0.433s] copying arm_visualizer/setup.py -> /home/abd3194/gui_ws/build/arm_visualizer/build/lib/arm_visualizer
[0.433s] copying arm_visualizer/three_d_visualizer.py -> /home/abd3194/gui_ws/build/arm_visualizer/build/lib/arm_visualizer
[0.433s] copying arm_visualizer/joint_visualizer.py -> /home/abd3194/gui_ws/build/arm_visualizer/build/lib/arm_visualizer
[0.433s] creating /home/abd3194/gui_ws/build/arm_visualizer/build/lib/arm_visualizer/arm_visualizer
[0.433s] copying arm_visualizer/arm_visualizer/__init__.py -> /home/abd3194/gui_ws/build/arm_visualizer/build/lib/arm_visualizer/arm_visualizer
[0.433s] running install
[0.433s] running install_lib
[0.436s] creating /home/abd3194/gui_ws/install/arm_visualizer/lib/python3.10/site-packages/arm_visualizer
[0.436s] creating /home/abd3194/gui_ws/install/arm_visualizer/lib/python3.10/site-packages/arm_visualizer/arm_visualizer
[0.436s] copying /home/abd3194/gui_ws/build/arm_visualizer/build/lib/arm_visualizer/arm_visualizer/__init__.py -> /home/abd3194/gui_ws/install/arm_visualizer/lib/python3.10/site-packages/arm_visualizer/arm_visualizer
[0.436s] copying /home/abd3194/gui_ws/build/arm_visualizer/build/lib/arm_visualizer/__init__.py -> /home/abd3194/gui_ws/install/arm_visualizer/lib/python3.10/site-packages/arm_visualizer
[0.436s] copying /home/abd3194/gui_ws/build/arm_visualizer/build/lib/arm_visualizer/setup.py -> /home/abd3194/gui_ws/install/arm_visualizer/lib/python3.10/site-packages/arm_visualizer
[0.436s] copying /home/abd3194/gui_ws/build/arm_visualizer/build/lib/arm_visualizer/three_d_visualizer.py -> /home/abd3194/gui_ws/install/arm_visualizer/lib/python3.10/site-packages/arm_visualizer
[0.437s] copying /home/abd3194/gui_ws/build/arm_visualizer/build/lib/arm_visualizer/joint_visualizer.py -> /home/abd3194/gui_ws/install/arm_visualizer/lib/python3.10/site-packages/arm_visualizer
[0.437s] byte-compiling /home/abd3194/gui_ws/install/arm_visualizer/lib/python3.10/site-packages/arm_visualizer/arm_visualizer/__init__.py to __init__.cpython-310.pyc
[0.437s] byte-compiling /home/abd3194/gui_ws/install/arm_visualizer/lib/python3.10/site-packages/arm_visualizer/__init__.py to __init__.cpython-310.pyc
[0.437s] byte-compiling /home/abd3194/gui_ws/install/arm_visualizer/lib/python3.10/site-packages/arm_visualizer/setup.py to setup.cpython-310.pyc
[0.437s] byte-compiling /home/abd3194/gui_ws/install/arm_visualizer/lib/python3.10/site-packages/arm_visualizer/three_d_visualizer.py to three_d_visualizer.cpython-310.pyc
[0.437s] byte-compiling /home/abd3194/gui_ws/install/arm_visualizer/lib/python3.10/site-packages/arm_visualizer/joint_visualizer.py to joint_visualizer.cpython-310.pyc
[0.437s] running install_data
[0.437s] creating /home/abd3194/gui_ws/install/arm_visualizer/share/ament_index
[0.437s] creating /home/abd3194/gui_ws/install/arm_visualizer/share/ament_index/resource_index
[0.437s] creating /home/abd3194/gui_ws/install/arm_visualizer/share/ament_index/resource_index/packages
[0.437s] copying resource/arm_visualizer -> /home/abd3194/gui_ws/install/arm_visualizer/share/ament_index/resource_index/packages
[0.437s] copying package.xml -> /home/abd3194/gui_ws/install/arm_visualizer/share/arm_visualizer
[0.437s] running install_egg_info
[0.438s] Copying ../build/arm_visualizer/arm_visualizer.egg-info to /home/abd3194/gui_ws/install/arm_visualizer/lib/python3.10/site-packages/arm_visualizer-0.1.0-py3.10.egg-info
[0.438s] running install_scripts
[0.452s] Installing joint_visualizer script to /home/abd3194/gui_ws/install/arm_visualizer/lib/arm_visualizer
[0.452s] Installing three_d_visualizer script to /home/abd3194/gui_ws/install/arm_visualizer/lib/arm_visualizer
[0.452s] writing list of installed files to '/home/abd3194/gui_ws/build/arm_visualizer/install.log'
[0.464s] Invoked command in '/home/abd3194/gui_ws/src' returned '0': PYTHONPATH=/home/abd3194/gui_ws/build/arm_visualizer/prefix_override:/usr/lib/python3/dist-packages/colcon_core/task/python/colcon_distutils_commands:/home/abd3194/gui_ws/install/arm_visualizer/lib/python3.10/site-packages:${PYTHONPATH} /usr/bin/python3 -W ignore:setup.py install is deprecated setup.py egg_info --egg-base ../build/arm_visualizer build --build-base /home/abd3194/gui_ws/build/arm_visualizer/build install --record /home/abd3194/gui_ws/build/arm_visualizer/install.log --single-version-externally-managed install_data
